0 info it worked if it ends with ok
1 verbose cli [ '/usr/local/bin/node', '/usr/local/bin/npm', 'publish' ]
2 info using npm@1.3.8
3 info using node@v0.10.18
4 verbose publish [ '.' ]
5 verbose cache add [ '.', null ]
6 verbose cache add name=undefined spec="." args=[".",null]
7 verbose parsed url { protocol: null,
7 verbose parsed url   slashes: null,
7 verbose parsed url   auth: null,
7 verbose parsed url   host: null,
7 verbose parsed url   port: null,
7 verbose parsed url   hostname: null,
7 verbose parsed url   hash: null,
7 verbose parsed url   search: null,
7 verbose parsed url   query: null,
7 verbose parsed url   pathname: '.',
7 verbose parsed url   path: '.',
7 verbose parsed url   href: '.' }
8 silly lockFile 3a52ce78- .
9 verbose lock . /Users/mmacmillian/.npm/3a52ce78-.lock
10 verbose tar pack [ '/var/folders/_p/brs97j0j1qbf16fyz1jst9600000gp/T/npm-19887-fPSF_aDX/1395729886574-0.733054319396615/tmp.tgz',
10 verbose tar pack   '.' ]
11 verbose tarball /var/folders/_p/brs97j0j1qbf16fyz1jst9600000gp/T/npm-19887-fPSF_aDX/1395729886574-0.733054319396615/tmp.tgz
12 verbose folder .
13 silly lockFile 1f1177db-tar tar://.
14 verbose lock tar://. /Users/mmacmillian/.npm/1f1177db-tar.lock
15 silly lockFile 63e9f110-886574-0-733054319396615-tmp-tgz tar:///var/folders/_p/brs97j0j1qbf16fyz1jst9600000gp/T/npm-19887-fPSF_aDX/1395729886574-0.733054319396615/tmp.tgz
16 verbose lock tar:///var/folders/_p/brs97j0j1qbf16fyz1jst9600000gp/T/npm-19887-fPSF_aDX/1395729886574-0.733054319396615/tmp.tgz /Users/mmacmillian/.npm/63e9f110-886574-0-733054319396615-tmp-tgz.lock
17 silly lockFile 1f1177db-tar tar://.
18 silly lockFile 1f1177db-tar tar://.
19 silly lockFile 63e9f110-886574-0-733054319396615-tmp-tgz tar:///var/folders/_p/brs97j0j1qbf16fyz1jst9600000gp/T/npm-19887-fPSF_aDX/1395729886574-0.733054319396615/tmp.tgz
20 silly lockFile 63e9f110-886574-0-733054319396615-tmp-tgz tar:///var/folders/_p/brs97j0j1qbf16fyz1jst9600000gp/T/npm-19887-fPSF_aDX/1395729886574-0.733054319396615/tmp.tgz
21 verbose tar unpack /var/folders/_p/brs97j0j1qbf16fyz1jst9600000gp/T/npm-19887-fPSF_aDX/1395729886574-0.733054319396615/tmp.tgz
22 silly lockFile f676b4a1-886574-0-733054319396615-package tar:///var/folders/_p/brs97j0j1qbf16fyz1jst9600000gp/T/npm-19887-fPSF_aDX/1395729886574-0.733054319396615/package
23 verbose lock tar:///var/folders/_p/brs97j0j1qbf16fyz1jst9600000gp/T/npm-19887-fPSF_aDX/1395729886574-0.733054319396615/package /Users/mmacmillian/.npm/f676b4a1-886574-0-733054319396615-package.lock
24 silly lockFile 63e9f110-886574-0-733054319396615-tmp-tgz tar:///var/folders/_p/brs97j0j1qbf16fyz1jst9600000gp/T/npm-19887-fPSF_aDX/1395729886574-0.733054319396615/tmp.tgz
25 verbose lock tar:///var/folders/_p/brs97j0j1qbf16fyz1jst9600000gp/T/npm-19887-fPSF_aDX/1395729886574-0.733054319396615/tmp.tgz /Users/mmacmillian/.npm/63e9f110-886574-0-733054319396615-tmp-tgz.lock
26 silly gunzTarPerm modes [ '755', '644' ]
27 silly gunzTarPerm extractEntry package.json
28 silly gunzTarPerm extractEntry .npmignore
29 silly gunzTarPerm extractEntry README.md
30 silly gunzTarPerm extractEntry LICENSE
31 silly gunzTarPerm extractEntry crane.js
32 silly gunzTarPerm extractEntry crypto.js
33 silly gunzTarPerm extractEntry ioc.js
34 silly gunzTarPerm extractEntry mvc.js
35 silly gunzTarPerm extractEntry web.js
36 silly gunzTarPerm extractEntry middleware/authentication.js
37 silly gunzTarPerm extractEntry middleware/errorHandler.js
38 silly gunzTarPerm extractEntry middleware/favIcon.js
39 silly gunzTarPerm extractEntry middleware/index.js
40 silly gunzTarPerm extractEntry middleware/less.js
41 silly gunzTarPerm extractEntry middleware/userCache.js
42 silly lockFile f676b4a1-886574-0-733054319396615-package tar:///var/folders/_p/brs97j0j1qbf16fyz1jst9600000gp/T/npm-19887-fPSF_aDX/1395729886574-0.733054319396615/package
43 silly lockFile f676b4a1-886574-0-733054319396615-package tar:///var/folders/_p/brs97j0j1qbf16fyz1jst9600000gp/T/npm-19887-fPSF_aDX/1395729886574-0.733054319396615/package
44 silly lockFile 63e9f110-886574-0-733054319396615-tmp-tgz tar:///var/folders/_p/brs97j0j1qbf16fyz1jst9600000gp/T/npm-19887-fPSF_aDX/1395729886574-0.733054319396615/tmp.tgz
45 silly lockFile 63e9f110-886574-0-733054319396615-tmp-tgz tar:///var/folders/_p/brs97j0j1qbf16fyz1jst9600000gp/T/npm-19887-fPSF_aDX/1395729886574-0.733054319396615/tmp.tgz
46 verbose tar pack [ '/Users/mmacmillian/.npm/crane-js/0.1.4/package.tgz',
46 verbose tar pack   '/var/folders/_p/brs97j0j1qbf16fyz1jst9600000gp/T/npm-19887-fPSF_aDX/1395729886574-0.733054319396615/package' ]
47 verbose tarball /Users/mmacmillian/.npm/crane-js/0.1.4/package.tgz
48 verbose folder /var/folders/_p/brs97j0j1qbf16fyz1jst9600000gp/T/npm-19887-fPSF_aDX/1395729886574-0.733054319396615/package
49 silly lockFile f676b4a1-886574-0-733054319396615-package tar:///var/folders/_p/brs97j0j1qbf16fyz1jst9600000gp/T/npm-19887-fPSF_aDX/1395729886574-0.733054319396615/package
50 verbose lock tar:///var/folders/_p/brs97j0j1qbf16fyz1jst9600000gp/T/npm-19887-fPSF_aDX/1395729886574-0.733054319396615/package /Users/mmacmillian/.npm/f676b4a1-886574-0-733054319396615-package.lock
51 silly lockFile c6aa4fee-n-npm-crane-js-0-1-4-package-tgz tar:///Users/mmacmillian/.npm/crane-js/0.1.4/package.tgz
52 verbose lock tar:///Users/mmacmillian/.npm/crane-js/0.1.4/package.tgz /Users/mmacmillian/.npm/c6aa4fee-n-npm-crane-js-0-1-4-package-tgz.lock
53 silly lockFile f676b4a1-886574-0-733054319396615-package tar:///var/folders/_p/brs97j0j1qbf16fyz1jst9600000gp/T/npm-19887-fPSF_aDX/1395729886574-0.733054319396615/package
54 silly lockFile f676b4a1-886574-0-733054319396615-package tar:///var/folders/_p/brs97j0j1qbf16fyz1jst9600000gp/T/npm-19887-fPSF_aDX/1395729886574-0.733054319396615/package
55 silly lockFile c6aa4fee-n-npm-crane-js-0-1-4-package-tgz tar:///Users/mmacmillian/.npm/crane-js/0.1.4/package.tgz
56 silly lockFile c6aa4fee-n-npm-crane-js-0-1-4-package-tgz tar:///Users/mmacmillian/.npm/crane-js/0.1.4/package.tgz
57 silly lockFile 1639ba20-llian-npm-crane-js-0-1-4-package /Users/mmacmillian/.npm/crane-js/0.1.4/package
58 verbose lock /Users/mmacmillian/.npm/crane-js/0.1.4/package /Users/mmacmillian/.npm/1639ba20-llian-npm-crane-js-0-1-4-package.lock
59 silly lockFile 1639ba20-llian-npm-crane-js-0-1-4-package /Users/mmacmillian/.npm/crane-js/0.1.4/package
60 silly lockFile 1639ba20-llian-npm-crane-js-0-1-4-package /Users/mmacmillian/.npm/crane-js/0.1.4/package
61 verbose tar unpack /Users/mmacmillian/.npm/crane-js/0.1.4/package.tgz
62 silly lockFile 5f62dada-llian-npm-crane-js-0-1-4-package tar:///Users/mmacmillian/.npm/crane-js/0.1.4/package
63 verbose lock tar:///Users/mmacmillian/.npm/crane-js/0.1.4/package /Users/mmacmillian/.npm/5f62dada-llian-npm-crane-js-0-1-4-package.lock
64 silly lockFile c6aa4fee-n-npm-crane-js-0-1-4-package-tgz tar:///Users/mmacmillian/.npm/crane-js/0.1.4/package.tgz
65 verbose lock tar:///Users/mmacmillian/.npm/crane-js/0.1.4/package.tgz /Users/mmacmillian/.npm/c6aa4fee-n-npm-crane-js-0-1-4-package-tgz.lock
66 silly gunzTarPerm modes [ '755', '644' ]
67 silly gunzTarPerm extractEntry package.json
68 silly gunzTarPerm extractEntry .npmignore
69 silly gunzTarPerm extractEntry README.md
70 silly gunzTarPerm extractEntry LICENSE
71 silly gunzTarPerm extractEntry crane.js
72 silly gunzTarPerm extractEntry crypto.js
73 silly gunzTarPerm extractEntry ioc.js
74 silly gunzTarPerm extractEntry mvc.js
75 silly gunzTarPerm extractEntry web.js
76 silly gunzTarPerm extractEntry middleware/authentication.js
77 silly gunzTarPerm extractEntry middleware/errorHandler.js
78 silly gunzTarPerm extractEntry middleware/favIcon.js
79 silly gunzTarPerm extractEntry middleware/index.js
80 silly gunzTarPerm extractEntry middleware/less.js
81 silly gunzTarPerm extractEntry middleware/userCache.js
82 silly lockFile 5f62dada-llian-npm-crane-js-0-1-4-package tar:///Users/mmacmillian/.npm/crane-js/0.1.4/package
83 silly lockFile 5f62dada-llian-npm-crane-js-0-1-4-package tar:///Users/mmacmillian/.npm/crane-js/0.1.4/package
84 silly lockFile c6aa4fee-n-npm-crane-js-0-1-4-package-tgz tar:///Users/mmacmillian/.npm/crane-js/0.1.4/package.tgz
85 silly lockFile c6aa4fee-n-npm-crane-js-0-1-4-package-tgz tar:///Users/mmacmillian/.npm/crane-js/0.1.4/package.tgz
86 verbose chmod /Users/mmacmillian/.npm/crane-js/0.1.4/package.tgz 644
87 verbose chown /Users/mmacmillian/.npm/crane-js/0.1.4/package.tgz [ 502, 20 ]
88 silly lockFile 3a52ce78- .
89 silly lockFile 3a52ce78- .
90 silly publish { name: 'crane-js',
90 silly publish   description: 'Does the heavy lifting for a javascript application by providing a simple MVC environment (built on mongoose), favoring fluent configuration, along with an IoC Container, built-in repository pattern, and more',
90 silly publish   version: '0.1.4',
90 silly publish   author: { name: 'Mike MacMillan', email: '<mikejmacmillan@gmail.com' },
90 silly publish   main: 'crane.js',
90 silly publish   repository: { type: 'git', url: 'git://github.com/mmacmillan/cranejs.git' },
90 silly publish   bugs: { url: 'https://github.com/mmacmillan/cranejs/issues' },
90 silly publish   licenses:
90 silly publish    [ { type: 'MIT',
90 silly publish        url: 'https://github.com/mmacmillan/cranejs/blob/master/LICENSE-MIT' } ],
90 silly publish   homepage: 'https://github.com/mmacmillan/cranejs',
90 silly publish   dependencies:
90 silly publish    { express: '3.2.x',
90 silly publish      request: '2.27.0',
90 silly publish      cors: '1.0.x',
90 silly publish      lodash: '*',
90 silly publish      consolidate: '0.9.x',
90 silly publish      handlebars: '1.0.10',
90 silly publish      less: '1.4.x',
90 silly publish      q: '0.9.x',
90 silly publish      mongoose: '3.6.x' },
90 silly publish   keywords:
90 silly publish    [ 'mvc',
90 silly publish      'ioc',
90 silly publish      'dependency injection',
90 silly publish      'di',
90 silly publish      'container',
90 silly publish      'repository',
90 silly publish      'mongoose' ],
90 silly publish   readme: 'crane\n=====\n\ndoes the heavy lifting for javascript applications\n',
90 silly publish   readmeFilename: 'README.md',
90 silly publish   _id: 'crane-js@0.1.4',
90 silly publish   dist: { shasum: 'a9acf8a40a82655327f7dff823e7678cae2e5ea4' },
90 silly publish   _from: '.' }
91 verbose url raw crane-js
92 verbose url resolving [ 'https://registry.npmjs.org/', './crane-js' ]
93 verbose url resolved https://registry.npmjs.org/crane-js
94 info trying registry request attempt 1 at 23:44:46
95 http PUT https://registry.npmjs.org/crane-js
96 http 503 https://registry.npmjs.org/crane-js
97 verbose bad json <?xml version="1.0" encoding="utf-8"?>
97 verbose bad json <!DOCTYPE html PUBLIC "-//W3C//DTD XHTML 1.0 Strict//EN"
97 verbose bad json  "http://www.w3.org/TR/xhtml1/DTD/xhtml1-strict.dtd">
97 verbose bad json <html>
97 verbose bad json   <head>
97 verbose bad json     <title>503 Backend is unhealthy</title>
97 verbose bad json   </head>
97 verbose bad json   <body>
97 verbose bad json     <h1>Error 503 Backend is unhealthy</h1>
97 verbose bad json     <p>Backend is unhealthy</p>
97 verbose bad json     <h3>Guru Meditation:</h3>
97 verbose bad json     <p>XID: 2145510699</p>
97 verbose bad json     <hr>
97 verbose bad json     <p>Varnish cache server</p>
97 verbose bad json   </body>
97 verbose bad json </html>
98 error registry error parsing json
99 info retry will retry, error on last attempt: SyntaxError: Unexpected token <
99 info retry
99 info retry <?xml version="1.0" encoding="utf-8"?>
99 info retry <!DOCTYPE html PUBLIC "-//W3C//DTD XHTML 1.0 Strict//EN"
99 info retry  "http://www.w3.org/TR/xhtml1/DTD/xhtml1-strict.dtd">
99 info retry <html>
99 info retry   <head>
99 info retry     <title>503 Backend is unhealthy</title>
99 info retry   </head>
99 info retry   <body>
99 info retry     <h1>Error 503 Backend is unhealthy</h1>
99 info retry     <p>Backend is unhealthy</p>
99 info retry     <h3>Guru Meditation:</h3>
99 info retry     <p>XID: 2145510699</p>
99 info retry     <hr>
99 info retry     <p>Varnish cache server</p>
99 info retry   </body>
99 info retry </html>
100 info trying registry request attempt 2 at 23:44:57
101 http PUT https://registry.npmjs.org/crane-js
102 http 503 https://registry.npmjs.org/crane-js
103 verbose bad json <?xml version="1.0" encoding="utf-8"?>
103 verbose bad json <!DOCTYPE html PUBLIC "-//W3C//DTD XHTML 1.0 Strict//EN"
103 verbose bad json  "http://www.w3.org/TR/xhtml1/DTD/xhtml1-strict.dtd">
103 verbose bad json <html>
103 verbose bad json   <head>
103 verbose bad json     <title>503 Backend is unhealthy</title>
103 verbose bad json   </head>
103 verbose bad json   <body>
103 verbose bad json     <h1>Error 503 Backend is unhealthy</h1>
103 verbose bad json     <p>Backend is unhealthy</p>
103 verbose bad json     <h3>Guru Meditation:</h3>
103 verbose bad json     <p>XID: 1810133113</p>
103 verbose bad json     <hr>
103 verbose bad json     <p>Varnish cache server</p>
103 verbose bad json   </body>
103 verbose bad json </html>
104 error registry error parsing json
105 info retry will retry, error on last attempt: SyntaxError: Unexpected token <
105 info retry
105 info retry <?xml version="1.0" encoding="utf-8"?>
105 info retry <!DOCTYPE html PUBLIC "-//W3C//DTD XHTML 1.0 Strict//EN"
105 info retry  "http://www.w3.org/TR/xhtml1/DTD/xhtml1-strict.dtd">
105 info retry <html>
105 info retry   <head>
105 info retry     <title>503 Backend is unhealthy</title>
105 info retry   </head>
105 info retry   <body>
105 info retry     <h1>Error 503 Backend is unhealthy</h1>
105 info retry     <p>Backend is unhealthy</p>
105 info retry     <h3>Guru Meditation:</h3>
105 info retry     <p>XID: 1810133113</p>
105 info retry     <hr>
105 info retry     <p>Varnish cache server</p>
105 info retry   </body>
105 info retry </html>
106 info trying registry request attempt 3 at 23:45:57
107 http PUT https://registry.npmjs.org/crane-js
108 http 503 https://registry.npmjs.org/crane-js
109 verbose bad json <?xml version="1.0" encoding="utf-8"?>
109 verbose bad json <!DOCTYPE html PUBLIC "-//W3C//DTD XHTML 1.0 Strict//EN"
109 verbose bad json  "http://www.w3.org/TR/xhtml1/DTD/xhtml1-strict.dtd">
109 verbose bad json <html>
109 verbose bad json   <head>
109 verbose bad json     <title>503 Backend is unhealthy</title>
109 verbose bad json   </head>
109 verbose bad json   <body>
109 verbose bad json     <h1>Error 503 Backend is unhealthy</h1>
109 verbose bad json     <p>Backend is unhealthy</p>
109 verbose bad json     <h3>Guru Meditation:</h3>
109 verbose bad json     <p>XID: 1810313596</p>
109 verbose bad json     <hr>
109 verbose bad json     <p>Varnish cache server</p>
109 verbose bad json   </body>
109 verbose bad json </html>
110 error registry error parsing json
111 error publish Failed PUT response 503
112 error SyntaxError: Unexpected token <
112 error
112 error <?xml version="1.0" encoding="utf-8"?>
112 error <!DOCTYPE html PUBLIC "-//W3C//DTD XHTML 1.0 Strict//EN"
112 error  "http://www.w3.org/TR/xhtml1/DTD/xhtml1-strict.dtd">
112 error <html>
112 error   <head>
112 error     <title>503 Backend is unhealthy</title>
112 error   </head>
112 error   <body>
112 error     <h1>Error 503 Backend is unhealthy</h1>
112 error     <p>Backend is unhealthy</p>
112 error     <h3>Guru Meditation:</h3>
112 error     <p>XID: 1810313596</p>
112 error     <hr>
112 error     <p>Varnish cache server</p>
112 error   </body>
112 error </html>
112 error
112 error     at Object.parse (native)
112 error     at RegClient.<anonymous> (/usr/local/Cellar/node/0.10.5/lib/node_modules/npm/node_modules/npm-registry-client/lib/request.js:238:23)
112 error     at Request.self.callback (/usr/local/Cellar/node/0.10.5/lib/node_modules/npm/node_modules/request/index.js:148:22)
112 error     at Request.EventEmitter.emit (events.js:98:17)
112 error     at Request.<anonymous> (/usr/local/Cellar/node/0.10.5/lib/node_modules/npm/node_modules/request/index.js:891:14)
112 error     at Request.EventEmitter.emit (events.js:117:20)
112 error     at IncomingMessage.<anonymous> (/usr/local/Cellar/node/0.10.5/lib/node_modules/npm/node_modules/request/index.js:842:12)
112 error     at IncomingMessage.EventEmitter.emit (events.js:117:20)
112 error     at _stream_readable.js:920:16
112 error     at process._tickCallback (node.js:415:13)
113 error If you need help, you may report this log at:
113 error     <http://github.com/isaacs/npm/issues>
113 error or email it to:
113 error     <npm-@googlegroups.com>
114 error System Darwin 12.3.0
115 error command "/usr/local/bin/node" "/usr/local/bin/npm" "publish"
116 error cwd /Volumes/ic0n/dev/github/crane
117 error node -v v0.10.18
118 error npm -v 1.3.8
119 error type unexpected_token
120 verbose exit [ 1, true ]
